0 info it worked if it ends with ok
1 verbose cli [ 'C:\\Program Files\\nodejs\\node.exe',
1 verbose cli   'C:\\Program Files\\nodejs\\node_modules\\npm\\bin\\npm-cli.js',
1 verbose cli   'adduser' ]
2 info using npm@2.15.8
3 info using node@v4.4.7
4 verbose adduser before first PUT { _id: 'org.couchdb.user:chamberlainpi',
4 verbose adduser   name: 'chamberlainpi',
4 verbose adduser   password: 'XXXXX',
4 verbose adduser   email: 'chamberlainpi@gmail.com',
4 verbose adduser   type: 'user',
4 verbose adduser   roles: [],
4 verbose adduser   date: '2016-09-21T15:33:23.867Z' }
5 verbose request uri https://registry.npmjs.org/-/user/org.couchdb.user:chamberlainpi
6 verbose request new user, so can't send auth
7 info attempt registry request try #1 at 12:33:23 PM
8 verbose request id 2695df681533c3b6
9 http request PUT https://registry.npmjs.org/-/user/org.couchdb.user:chamberlainpi
10 http 401 https://registry.npmjs.org/-/user/org.couchdb.user:chamberlainpi
11 verbose headers { 'content-type': 'application/json',
11 verbose headers   'cache-control': 'max-age=300',
11 verbose headers   'content-length': '46',
11 verbose headers   'accept-ranges': 'bytes',
11 verbose headers   date: 'Wed, 21 Sep 2016 15:33:29 GMT',
11 verbose headers   via: '1.1 varnish',
11 verbose headers   connection: 'keep-alive',
11 verbose headers   'x-served-by': 'cache-jfk8143-JFK',
11 verbose headers   'x-cache': 'MISS',
11 verbose headers   'x-cache-hits': '0',
11 verbose headers   'x-timer': 'S1474472009.196324,VS0,VE338',
11 verbose headers   vary: 'Accept-Encoding' }
12 verbose request invalidating C:\Users\Chamberlain\AppData\Roaming\npm-cache\registry.npmjs.org\-\user\org.couchdb.user_3Achamberlainpi on PUT
13 verbose adduser back [ { [Error: Registry returned 401 for PUT on https://registry.npmjs.org/-/user/org.couchdb.user:chamberlainpi] statusCode: 401, code: 'E401' },
13 verbose adduser   { ok: false, id: 'org.couchdb.user:undefined' },
13 verbose adduser   '{"ok":false,"id":"org.couchdb.user:undefined"}' ]
14 warn adduser Incorrect username or password
14 warn adduser You can reset your account by visiting:
14 warn adduser
14 warn adduser     https://npmjs.org/forgot
15 verbose stack Error: Registry returned 401 for PUT on https://registry.npmjs.org/-/user/org.couchdb.user:chamberlainpi
15 verbose stack     at makeError (C:\Program Files\nodejs\node_modules\npm\node_modules\npm-registry-client\lib\request.js:264:12)
15 verbose stack     at CachingRegistryClient.<anonymous> (C:\Program Files\nodejs\node_modules\npm\node_modules\npm-registry-client\lib\request.js:242:14)
15 verbose stack     at Request._callback (C:\Program Files\nodejs\node_modules\npm\node_modules\npm-registry-client\lib\request.js:172:14)
15 verbose stack     at Request.self.callback (C:\Program Files\nodejs\node_modules\npm\node_modules\request\request.js:200:22)
15 verbose stack     at emitTwo (events.js:87:13)
15 verbose stack     at Request.emit (events.js:172:7)
15 verbose stack     at Request.<anonymous> (C:\Program Files\nodejs\node_modules\npm\node_modules\request\request.js:1067:10)
15 verbose stack     at emitOne (events.js:82:20)
15 verbose stack     at Request.emit (events.js:169:7)
15 verbose stack     at IncomingMessage.<anonymous> (C:\Program Files\nodejs\node_modules\npm\node_modules\request\request.js:988:12)
16 verbose statusCode 401
17 verbose cwd W:\_WORK\_LIBS_NPM_NODE\stitch-ads\stitch-demo
18 error Windows_NT 6.1.7601
19 error argv "C:\\Program Files\\nodejs\\node.exe" "C:\\Program Files\\nodejs\\node_modules\\npm\\bin\\npm-cli.js" "adduser"
20 error node v4.4.7
21 error npm  v2.15.8
22 error code E401
23 error Registry returned 401 for PUT on https://registry.npmjs.org/-/user/org.couchdb.user:chamberlainpi
24 error If you need help, you may report this error at:
24 error     <https://github.com/npm/npm/issues>
25 verbose exit [ 1, true ]
